# JRE version: Java(TM) SE Runtime Environment (8.0_51-b16) (build 1.8.0_51-b16)
# Java VM: Java HotSpot(TM) 64-Bit Server VM (25.51-b03 mixed mode windows-amd64 compressed oops)
Heap:
 PSYoungGen      total 226816K, used 113664K [0x00000000eb400000, 0x0000000100000000, 0x0000000100000000)
  eden space 113664K, 100% used [0x00000000eb400000,0x00000000f2300000,0x00000000f2300000)
  from space 113152K, 0% used [0x00000000f2300000,0x00000000f2300000,0x00000000f9180000)
  to   space 113152K, 0% used [0x00000000f9180000,0x00000000f9180000,0x0000000100000000)
 ParOldGen       total 679936K, used 679822K [0x00000000c1c00000, 0x00000000eb400000, 0x00000000eb400000)
  object space 679936K, 99% used [0x00000000c1c00000,0x00000000eb3e3a88,0x00000000eb400000)
 Metaspace       used 30781K, capacity 31052K, committed 31232K, reserved 1077248K
  class space    used 3744K, capacity 3822K, committed 3840K, reserved 1048576K
GC Heap History (10 events):
Event: 31.068 GC heap before
{Heap before GC invocations=42 (full 17):
 PSYoungGen      total 226816K, used 113664K [0x00000000eb400000, 0x0000000100000000, 0x0000000100000000)
  eden space 113664K, 100% used [0x00000000eb400000,0x00000000f2300000,0x00000000f2300000)
  from space 113152K, 0% used [0x00000000f2300000,0x00000000f2300000,0x00000000f9180000)
  to   space 113152K, 0% used [0x00000000f9180000,0x00000000f9180000,0x0000000100000000)
 ParOldGen       total 679936K, used 679822K [0x00000000c1c00000, 0x00000000eb400000, 0x00000000eb400000)
  object space 679936K, 99% used [0x00000000c1c00000,0x00000000eb3e3b58,0x00000000eb400000)
 Metaspace       used 30781K, capacity 31052K, committed 31232K, reserved 1077248K
  class space    used 3744K, capacity 3822K, committed 3840K, reserved 1048576K
Event: 31.298 GC heap after
Heap after GC invocations=42 (full 17):
 PSYoungGen      total 226816K, used 113663K [0x00000000eb400000, 0x0000000100000000, 0x0000000100000000)
  eden space 113664K, 99% used [0x00000000eb400000,0x00000000f22ffe30,0x00000000f2300000)
  from space 113152K, 0% used [0x00000000f2300000,0x00000000f2300000,0x00000000f9180000)
  to   space 113152K, 0% used [0x00000000f9180000,0x00000000f9180000,0x0000000100000000)
 ParOldGen       total 679936K, used 679822K [0x00000000c1c00000, 0x00000000eb400000, 0x00000000eb400000)
  object space 679936K, 99% used [0x00000000c1c00000,0x00000000eb3e3a20,0x00000000eb400000)
 Metaspace       used 30781K, capacity 31052K, committed 31232K, reserved 1077248K
  class space    used 3744K, capacity 3822K, committed 3840K, reserved 1048576K
}
Event: 31.298 GC heap before
{Heap before GC invocations=43 (full 18):
 PSYoungGen      total 226816K, used 113663K [0x00000000eb400000, 0x0000000100000000, 0x0000000100000000)
  eden space 113664K, 99% used [0x00000000eb400000,0x00000000f22ffe30,0x00000000f2300000)
  from space 113152K, 0% used [0x00000000f2300000,0x00000000f2300000,0x00000000f9180000)
  to   space 113152K, 0% used [0x00000000f9180000,0x00000000f9180000,0x0000000100000000)
 ParOldGen       total 679936K, used 679822K [0x00000000c1c00000, 0x00000000eb400000, 0x00000000eb400000)
  object space 679936K, 99% used [0x00000000c1c00000,0x00000000eb3e3a20,0x00000000eb400000)
 Metaspace       used 30781K, capacity 31052K, committed 31232K, reserved 1077248K
  class space    used 3744K, capacity 3822K, committed 3840K, reserved 1048576K
Event: 31.360 GC heap after
Heap after GC invocations=43 (full 18):
 PSYoungGen      total 226816K, used 113663K [0x00000000eb400000, 0x0000000100000000, 0x0000000100000000)
  eden space 113664K, 99% used [0x00000000eb400000,0x00000000f22ffe30,0x00000000f2300000)
  from space 113152K, 0% used [0x00000000f2300000,0x00000000f2300000,0x00000000f9180000)
  to   space 113152K, 0% used [0x00000000f9180000,0x00000000f9180000,0x0000000100000000)
 ParOldGen       total 679936K, used 679822K [0x00000000c1c00000, 0x00000000eb400000, 0x00000000eb400000)
  object space 679936K, 99% used [0x00000000c1c00000,0x00000000eb3e3a20,0x00000000eb400000)
 Metaspace       used 30781K, capacity 31052K, committed 31232K, reserved 1077248K
  class space    used 3744K, capacity 3822K, committed 3840K, reserved 1048576K
}
Event: 31.360 GC heap before
{Heap before GC invocations=44 (full 19):
 PSYoungGen      total 226816K, used 113664K [0x00000000eb400000, 0x0000000100000000, 0x0000000100000000)
  eden space 113664K, 100% used [0x00000000eb400000,0x00000000f2300000,0x00000000f2300000)
  from space 113152K, 0% used [0x00000000f2300000,0x00000000f2300000,0x00000000f9180000)
  to   space 113152K, 0% used [0x00000000f9180000,0x00000000f9180000,0x0000000100000000)
 ParOldGen       total 679936K, used 679822K [0x00000000c1c00000, 0x00000000eb400000, 0x00000000eb400000)
  object space 679936K, 99% used [0x00000000c1c00000,0x00000000eb3e3a20,0x00000000eb400000)
 Metaspace       used 30781K, capacity 31052K, committed 31232K, reserved 1077248K
  class space    used 3744K, capacity 3822K, committed 3840K, reserved 1048576K
Event: 31.563 GC heap after
Heap after GC invocations=44 (full 19):
 PSYoungGen      total 226816K, used 113663K [0x00000000eb400000, 0x0000000100000000, 0x0000000100000000)
  eden space 113664K, 99% used [0x00000000eb400000,0x00000000f22ffe10,0x00000000f2300000)
  from space 113152K, 0% used [0x00000000f2300000,0x00000000f2300000,0x00000000f9180000)
  to   space 113152K, 0% used [0x00000000f9180000,0x00000000f9180000,0x0000000100000000)
 ParOldGen       total 679936K, used 679822K [0x00000000c1c00000, 0x00000000eb400000, 0x00000000eb400000)
  object space 679936K, 99% used [0x00000000c1c00000,0x00000000eb3e3a00,0x00000000eb400000)
 Metaspace       used 30781K, capacity 31052K, committed 31232K, reserved 1077248K
  class space    used 3744K, capacity 3822K, committed 3840K, reserved 1048576K
}
Event: 31.563 GC heap before
{Heap before GC invocations=45 (full 20):
 PSYoungGen      total 226816K, used 113664K [0x00000000eb400000, 0x0000000100000000, 0x0000000100000000)
  eden space 113664K, 100% used [0x00000000eb400000,0x00000000f2300000,0x00000000f2300000)
  from space 113152K, 0% used [0x00000000f2300000,0x00000000f2300000,0x00000000f9180000)
  to   space 113152K, 0% used [0x00000000f9180000,0x00000000f9180000,0x0000000100000000)
 ParOldGen       total 679936K, used 679822K [0x00000000c1c00000, 0x00000000eb400000, 0x00000000eb400000)
  object space 679936K, 99% used [0x00000000c1c00000,0x00000000eb3e3a00,0x00000000eb400000)
 Metaspace       used 30781K, capacity 31052K, committed 31232K, reserved 1077248K
  class space    used 3744K, capacity 3822K, committed 3840K, reserved 1048576K
Event: 31.623 GC heap after
Heap after GC invocations=45 (full 20):
 PSYoungGen      total 226816K, used 113663K [0x00000000eb400000, 0x0000000100000000, 0x0000000100000000)
  eden space 113664K, 99% used [0x00000000eb400000,0x00000000f22ffd70,0x00000000f2300000)
  from space 113152K, 0% used [0x00000000f2300000,0x00000000f2300000,0x00000000f9180000)
  to   space 113152K, 0% used [0x00000000f9180000,0x00000000f9180000,0x0000000100000000)
 ParOldGen       total 679936K, used 679822K [0x00000000c1c00000, 0x00000000eb400000, 0x00000000eb400000)
  object space 679936K, 99% used [0x00000000c1c00000,0x00000000eb3e3a00,0x00000000eb400000)
 Metaspace       used 30781K, capacity 31052K, committed 31232K, reserved 1077248K
  class space    used 3744K, capacity 3822K, committed 3840K, reserved 1048576K
}
Event: 31.623 GC heap before
{Heap before GC invocations=46 (full 21):
 PSYoungGen      total 226816K, used 113663K [0x00000000eb400000, 0x0000000100000000, 0x0000000100000000)
  eden space 113664K, 99% used [0x00000000eb400000,0x00000000f22ffd70,0x00000000f2300000)
  from space 113152K, 0% used [0x00000000f2300000,0x00000000f2300000,0x00000000f9180000)
  to   space 113152K, 0% used [0x00000000f9180000,0x00000000f9180000,0x0000000100000000)
 ParOldGen       total 679936K, used 679822K [0x00000000c1c00000, 0x00000000eb400000, 0x00000000eb400000)
  object space 679936K, 99% used [0x00000000c1c00000,0x00000000eb3e3a00,0x00000000eb400000)
 Metaspace       used 30781K, capacity 31052K, committed 31232K, reserved 1077248K
  class space    used 3744K, capacity 3822K, committed 3840K, reserved 1048576K
Event: 31.685 GC heap after
Heap after GC invocations=46 (full 21):
 PSYoungGen      total 226816K, used 113663K [0x00000000eb400000, 0x0000000100000000, 0x0000000100000000)
  eden space 113664K, 99% used [0x00000000eb400000,0x00000000f22ffd70,0x00000000f2300000)
  from space 113152K, 0% used [0x00000000f2300000,0x00000000f2300000,0x00000000f9180000)
  to   space 113152K, 0% used [0x00000000f9180000,0x00000000f9180000,0x0000000100000000)
 ParOldGen       total 679936K, used 679822K [0x00000000c1c00000, 0x00000000eb400000, 0x00000000eb400000)
  object space 679936K, 99% used [0x00000000c1c00000,0x00000000eb3e3a00,0x00000000eb400000)
 Metaspace       used 30781K, capacity 31052K, committed 31232K, reserved 1077248K
  class space    used 3744K, capacity 3822K, committed 3840K, reserved 1048576K
}

